<?xml version="1.0" encoding="UTF-8"?>
<testng-results ignored="0" total="1" passed="1" failed="0" skipped="0">
  <reporter-output>
  </reporter-output>
  <suite started-at="2020-05-03T01:14:10 IST" name="Default suite" finished-at="2020-05-03T01:14:25 IST" duration-ms="14951">
    <groups>
    </groups>
    <test started-at="2020-05-03T01:14:10 IST" name="Default test" finished-at="2020-05-03T01:14:25 IST" duration-ms="14951">
      <class name="com.project.testclass.HeadPhonePriceCheck">
        <test-method signature="checkHeadPhones()[pri:0, instance:com.project.testclass.HeadPhonePriceCheck@4afcd809]" started-at="2020-05-03T01:14:10 IST" name="checkHeadPhones" finished-at="2020-05-03T01:14:25 IST" duration-ms="14842" status="PASS">
          <reporter-output>
          </reporter-output>
        </test-method> <!-- checkHeadPhones -->
      </class> <!-- com.project.testclass.HeadPhonePriceCheck -->
    </test> <!-- Default test -->
  </suite> <!-- Default suite -->
</testng-results>
